[INFO] Scanning for projects...
[INFO]                                                                         
[INFO] ------------------------------------------------------------------------
[INFO] Building trade 1.0
[INFO] ------------------------------------------------------------------------
[INFO] 
[INFO] --- maven-dependency-plugin:3.1.2:tree (default-cli) @ freeTrade ---
[INFO] com.futu.openapi:freeTrade:war:1.0
[INFO] +- junit:junit:jar:4.12:compile
[INFO] |  \- org.hamcrest:hamcrest-core:jar:1.3:compile
[INFO] +- com.google.protobuf:protobuf-java:jar:3.5.1:compile
[INFO] +- com.google.protobuf:protobuf-java-util:jar:3.5.1:compile
[INFO] |  \- com.google.code.gson:gson:jar:2.7:compile
[INFO] +- org.bouncycastle:bcprov-jdk15on:jar:1.68:compile
[INFO] +- org.bouncycastle:bcpkix-jdk15on:jar:1.68:compile
[INFO] +- com.google.guava:guava:jar:23.0:compile
[INFO] +- org.projectlombok:lombok:jar:1.18.12:compile
[INFO] +- com.alibaba:fastjson:jar:1.2.72_noneautotype:compile
[INFO] +- joda-time:joda-time:jar:2.9.9:compile
[INFO] +- org.quartz-scheduler:quartz:jar:2.1.4:compile
[INFO] |  \- c3p0:c3p0:jar:0.9.1.1:compile
[INFO] +- org.apache.httpcomponents:httpclient:jar:4.5.6:compile
[INFO] |  +- commons-logging:commons-logging:jar:1.2:compile
[INFO] |  \- commons-codec:commons-codec:jar:1.10:compile
[INFO] +- org.apache.httpcomponents:httpcore:jar:4.4.10:compile
[INFO] +- com.aliyun.oss:aliyun-sdk-oss:jar:3.17.4:compile
[INFO] |  +- org.jdom:jdom2:jar:2.0.6.1:compile
[INFO] |  +- org.codehaus.jettison:jettison:jar:1.5.4:compile
[INFO] |  +- com.aliyun:aliyun-java-sdk-core:jar:4.5.10:compile
[INFO] |  +- com.aliyun:aliyun-java-sdk-ram:jar:3.1.0:compile
[INFO] |  \- com.aliyun:aliyun-java-sdk-kms:jar:2.11.0:compile
[INFO] +- jfree:jfreechart:jar:1.0.13:compile
[INFO] |  \- jfree:jcommon:jar:1.0.16:compile
[INFO] +- commons-io:commons-io:jar:1.3.2:compile
[INFO] +- org.apache.commons:commons-lang3:jar:3.1:compile
[INFO] +- org.apache.commons:commons-math3:jar:3.6.1:compile
[INFO] +- org.apache.logging.log4j:log4j-core:jar:2.20.0:compile
[INFO] |  \- org.apache.logging.log4j:log4j-api:jar:2.20.0:compile
[INFO] +- org.apache.logging.log4j:log4j-slf4j2-impl:jar:2.20.0:compile
[INFO] +- javax.servlet.jsp:javax.servlet.jsp-api:jar:2.3.3:compile
[INFO] +- javax.servlet:jstl:jar:1.2:compile
[INFO] +- javax.servlet:javax.servlet-api:jar:4.0.1:compile
[INFO] +- org.springframework:spring-core:jar:5.3.25:compile
[INFO] +- org.springframework:spring-expression:jar:5.3.25:compile
[INFO] +- org.springframework:spring-web:jar:5.3.25:compile
[INFO] +- org.springframework:spring-webmvc:jar:5.3.25:compile
[INFO] +- org.springframework:spring-test:jar:5.3.25:compile
[INFO] +- taglibs:standard:jar:1.1.2:compile
[INFO] +- org.springframework:spring-context:jar:5.3.25:compile
[INFO] +- org.springframework:spring-aop:jar:5.3.25:compile
[INFO] +- org.springframework:spring-beans:jar:5.3.25:compile
[INFO] +- org.springframework:spring-context-support:jar:5.3.25:compile
[INFO] +- org.slf4j:slf4j-api:jar:1.7.36:compile
[INFO] +- ch.qos.logback:logback-classic:jar:1.2.11:compile
[INFO] |  \- ch.qos.logback:logback-core:jar:1.2.11:compile
[INFO] +- com.futu.openapi:futu-api:jar:6.0.2507:compile
[INFO] +- org.bouncycastle.bcprov-jdk15on.1.57.org.bouncycastle:bcprov-jdk15on:jar:1.57:compile
[INFO] +- org.bouncycastle.bcpkix-jdk15on.1.57.org.bouncycastle:bcpkix-jdk15on:jar:1.57:compile
[INFO] \- io.chandler:protobuf-java:jar:3.7.1-teavm1:compile
[INFO] ------------------------------------------------------------------------
[INFO] BUILD SUCCESS
[INFO] ------------------------------------------------------------------------
[INFO] Total time: 1.173 s
[INFO] Finished at: 2025-03-31T16:49:11+08:00
[INFO] Final Memory: 17M/309M
[INFO] ------------------------------------------------------------------------
